**********************************************
时间:  2024-03-23 22:25:41.856156
事件:  SaveMgeData
HOST:  127.0.0.1
方法:  POST
URL:  /api/vtest/storage/data/full
**********************************************
**********************************************
时间:  2024-03-23 22:31:23.474059
事件:  SaveMgeData
HOST:  127.0.0.1
方法:  POST
URL:  /api/vtest/storage/data/full
**********************************************
**********************************************
时间:  2024-03-23 22:31:29.173998
事件:  SaveMgeData
HOST:  127.0.0.1
方法:  POST
URL:  /api/vtest/storage/data/full
**********************************************
**********************************************
时间:  2024-03-23 22:33:06.415098
事件:  SaveMgeData
HOST:  127.0.0.1
方法:  POST
URL:  /api/vtest/storage/data/full
**********************************************
**********************************************
时间:  2024-03-23 22:33:23.217726
事件:  SaveMgeData
HOST:  127.0.0.1
方法:  POST
URL:  /api/vtest/storage/data/full
**********************************************
**********************************************
时间:  2024-03-23 22:39:22.297928
事件:  SaveMgeData
HOST:  127.0.0.1
方法:  POST
URL:  /api/vtest/storage/data/full
**********************************************
